\BOOKMARK [1][-]{section.1}{\376\377\000O\000r\000g\000a\000n\000i\000s\000c\000h\000e\000\040\000C\000h\000e\000m\000i\000e}{}% 1
\BOOKMARK [2][-]{subsection.1.1}{\376\377\000O\000r\000g\000a\000n\000i\000s\000c\000h\000e\000\040\000M\000o\000l\000e\000k\000\374\000l\000e}{section.1}% 2
\BOOKMARK [3][-]{subsubsection.1.1.1}{\376\377\000D\000a\000r\000s\000t\000e\000l\000l\000u\000n\000g\000\040\000v\000o\000n\000\040\000o\000r\000g\000a\000n\000i\000s\000c\000h\000e\000n\000\040\000M\000o\000l\000e\000k\000\374\000l\000e\000n}{subsection.1.1}% 3
\BOOKMARK [3][-]{subsubsection.1.1.2}{\376\377\000B\000e\000n\000e\000n\000n\000u\000n\000g\000\040\000d\000e\000r\000\040\000o\000r\000g\000a\000n\000i\000s\000c\000h\000e\000n\000\040\000M\000o\000l\000e\000k\000\374\000l\000e}{subsection.1.1}% 4
\BOOKMARK [3][-]{subsubsection.1.1.3}{\376\377\000R\000e\000g\000e\000l\000n\000\040\000d\000e\000r\000\040\000N\000o\000m\000e\000n\000k\000l\000a\000t\000u\000r}{subsection.1.1}% 5
\BOOKMARK [2][-]{subsection.1.2}{\376\377\000A\000c\000i\000d\000i\000t\000\344\000t}{section.1}% 6
\BOOKMARK [3][-]{subsubsection.1.2.1}{\376\377\000H\000y\000b\000r\000i\000d\000i\000s\000i\000e\000r\000u\000n\000g}{subsection.1.2}% 7
\BOOKMARK [3][-]{subsubsection.1.2.2}{\376\377\000I\000n\000d\000u\000k\000t\000i\000v\000e\000r\000\040\000E\000f\000f\000e\000k\000t}{subsection.1.2}% 8
\BOOKMARK [3][-]{subsubsection.1.2.3}{\376\377\000E\000f\000f\000e\000k\000t\000\040\000v\000o\000n\000\040\000S\000o\000l\000v\000a\000t\000i\000s\000i\000e\000r\000u\000n\000g}{subsection.1.2}% 9
\BOOKMARK [2][-]{subsection.1.3}{\376\377\000B\000a\000s\000i\000z\000i\000t\000\344\000t}{section.1}% 10
\BOOKMARK [3][-]{subsubsection.1.3.1}{\376\377\000H\000y\000b\000r\000i\000d\000i\000s\000i\000e\000r\000u\000n\000g}{subsection.1.3}% 11
\BOOKMARK [2][-]{subsection.1.4}{\376\377\000A\000l\000k\000a\000n\000e}{section.1}% 12
\BOOKMARK [3][-]{subsubsection.1.4.1}{\376\377\000I\000s\000o\000m\000e\000r\000e}{subsection.1.4}% 13
\BOOKMARK [3][-]{subsubsection.1.4.2}{\376\377\000R\000e\000a\000k\000t\000i\000o\000n\000\040\000d\000e\000r\000\040\000A\000l\000k\000a\000n\000e}{subsection.1.4}% 14
\BOOKMARK [3][-]{subsubsection.1.4.3}{\376\377\000R\000e\000a\000k\000t\000i\000v\000i\000t\000\344\000t\000\040\000\046\000\040\000S\000e\000l\000e\000k\000t\000i\000v\000i\000t\000\344\000t}{subsection.1.4}% 15
\BOOKMARK [2][-]{subsection.1.5}{\376\377\000A\000l\000k\000e\000n\000e}{section.1}% 16
\BOOKMARK [3][-]{subsubsection.1.5.1}{\376\377\000E\000l\000e\000k\000t\000r\000o\000p\000h\000i\000l\000e\000\040\000A\000d\000d\000i\000t\000i\000o\000n\000\040\000a\000n\000\040\000A\000l\000k\000e\000n\000e\000n}{subsection.1.5}% 17
\BOOKMARK [2][-]{subsection.1.6}{\376\377\000A\000l\000k\000i\000n\000e}{section.1}% 18
\BOOKMARK [3][-]{subsubsection.1.6.1}{\376\377\000N\000o\000m\000e\000n\000k\000l\000a\000t\000u\000r}{subsection.1.6}% 19
\BOOKMARK [3][-]{subsubsection.1.6.2}{\376\377\000C\000h\000e\000m\000i\000s\000c\000h\000e\000\040\000E\000i\000g\000e\000n\000s\000c\000h\000a\000f\000t\000e\000n\000/\000R\000e\000a\000k\000t\000i\000o\000n\000e\000n}{subsection.1.6}% 20
\BOOKMARK [2][-]{subsection.1.7}{\376\377\000H\000a\000l\000o\000g\000e\000n\000a\000l\000k\000a\000n\000e}{section.1}% 21
\BOOKMARK [3][-]{subsubsection.1.7.1}{\376\377\000N\000o\000m\000e\000n\000k\000l\000a\000t\000u\000r}{subsection.1.7}% 22
\BOOKMARK [3][-]{subsubsection.1.7.2}{\376\377\000B\000e\000s\000o\000n\000d\000e\000r\000e\000\040\000E\000i\000g\000e\000n\000s\000c\000h\000a\000f\000t\000e\000n}{subsection.1.7}% 23
\BOOKMARK [3][-]{subsubsection.1.7.3}{\376\377\000V\000e\000r\000w\000e\000n\000d\000u\000n\000g}{subsection.1.7}% 24
\BOOKMARK [3][-]{subsubsection.1.7.4}{\376\377\000D\000a\000r\000s\000t\000e\000l\000l\000u\000n\000g\000\040\000\050\000H\000e\000r\000s\000t\000e\000l\000l\000u\000n\000g\000\051\000\040\000v\000o\000n\000\040\000H\000a\000l\000o\000g\000e\000n\000a\000l\000k\000a\000n\000e\000n}{subsection.1.7}% 25
\BOOKMARK [3][-]{subsubsection.1.7.5}{\376\377\000R\000e\000a\000k\000t\000i\000o\000n\000e\000n}{subsection.1.7}% 26
\BOOKMARK [3][-]{subsubsection.1.7.6}{\376\377\000I\000s\000o\000m\000e\000r\000e}{subsection.1.7}% 27
\BOOKMARK [2][-]{subsection.1.8}{\376\377\000C\000h\000e\000m\000i\000e\000\040\000d\000e\000r\000\040\000E\000t\000h\000e\000r}{section.1}% 28
\BOOKMARK [3][-]{subsubsection.1.8.1}{\376\377\000R\000e\000a\000k\000t\000i\000o\000n\000e\000n}{subsection.1.8}% 29
\BOOKMARK [2][-]{subsection.1.9}{\376\377\000A\000r\000o\000m\000a\000t\000i\000s\000c\000h\000e\000\040\000V\000e\000r\000b\000i\000n\000d\000u\000n\000g\000e\000n}{section.1}% 30
\BOOKMARK [3][-]{subsubsection.1.9.1}{\376\377\000E\000l\000e\000k\000t\000r\000o\000p\000h\000i\000l\000e\000\040\000a\000r\000o\000m\000a\000t\000i\000s\000c\000h\000e\000\040\000S\000u\000b\000s\000t\000i\000t\000u\000t\000i\000o\000n}{subsection.1.9}% 31
\BOOKMARK [3][-]{subsubsection.1.9.2}{\376\377\000C\000h\000l\000o\000r\000i\000e\000r\000u\000n\000g\000\040\000v\000o\000n\000\040\000B\000e\000n\000z\000o\000l}{subsection.1.9}% 32
\BOOKMARK [3][-]{subsubsection.1.9.3}{\376\377\000F\000r\000i\000e\000d\000l\000-\000C\000r\000a\000f\000t\000-\000A\000l\000k\000y\000l\000i\000e\000r\000u\000n\000g}{subsection.1.9}% 33
\BOOKMARK [3][-]{subsubsection.1.9.4}{\376\377\000F\000r\000i\000e\000d\000l\000-\000C\000r\000a\000f\000t\000-\000A\000c\000y\000l\000i\000e\000r\000u\000n\000g}{subsection.1.9}% 34
\BOOKMARK [2][-]{subsection.1.10}{\376\377\000C\000a\000r\000b\000o\000n\000y\000l\000v\000e\000r\000b\000i\000n\000d\000u\000n\000g\000e\000n}{section.1}% 35
\BOOKMARK [3][-]{subsubsection.1.10.1}{\376\377\000N\000o\000m\000e\000n\000k\000l\000a\000t\000u\000r}{subsection.1.10}% 36
\BOOKMARK [3][-]{subsubsection.1.10.2}{\376\377\000G\000r\000u\000n\000d\000l\000a\000g\000e\000n\000\040\000d\000e\000r\000\040\000R\000e\000a\000k\000t\000i\000v\000i\000t\000\344\000t\000\040\000v\000o\000n\000\040\000C\000a\000r\000b\000o\000x\000y\000l\000v\000e\000r\000b\000i\000n\000d\000u\000n\000g\000e\000n}{subsection.1.10}% 37
\BOOKMARK [3][-]{subsubsection.1.10.3}{\376\377\000F\000r\000i\000e\000d\000l\000-\000C\000r\000a\000f\000t\000-\000A\000k\000l\000y\000l\000i\000e\000r\000u\000n\000g}{subsection.1.10}% 38
\BOOKMARK [3][-]{subsubsection.1.10.4}{\376\377\000K\000e\000t\000o\000-\000E\000n\000o\000l\000-\000T\000a\000u\000t\000o\000m\000e\000r\000i\000e\000\040\000\046\000\040\000S\000\344\000u\000r\000e\000k\000a\000t\000a\000l\000y\000s\000i\000e\000r\000t\000e\000\040\000T\000a\000u\000t\000o\000m\000e\000r\000i\000s\000i\000e\000r\000u\000n\000g}{subsection.1.10}% 39
